<?xml version="1.0" encoding="UTF-8"?>
<!-- Generated by org.testng.reporters.JUnitReportReporter -->
<testsuite skipped="0" hostname="DESKTOP-GEO1BRR" name="utilities.ReporterDemo" tests="2" failures="0" timestamp="17 Nov 2018 07:21:44 GMT" time="48.671" errors="0">
  <testcase name="testReport1" time="18.845" classname="utilities.ReporterDemo"/>
  <testcase name="testReport" time="29.826" classname="utilities.ReporterDemo"/>
</testsuite> <!-- utilities.ReporterDemo -->
